Removed Pin From Net: NetName=TX Pin=IC4-1
Removed Pin From Net: NetName=T8 Pin=IC4-2
Removed Pin From Net: NetName=T7 Pin=IC4-3
Removed Pin From Net: NetName=T6 Pin=IC4-4
Removed Pin From Net: NetName=T5 Pin=IC4-5
Removed Pin From Net: NetName=T4 Pin=IC4-6
Removed Pin From Net: NetName=T3 Pin=IC4-7
Removed Pin From Net: NetName=T2 Pin=IC4-8
Removed Pin From Net: NetName=T1 Pin=IC4-9
Removed Pin From Net: NetName=SEL_A Pin=IC4-10
Removed Pin From Net: NetName=SEL_B Pin=IC4-11
Removed Pin From Net: NetName=DGND Pin=IC4-12
Removed Pin From Net: NetName=SEL_D Pin=IC4-13
Removed Pin From Net: NetName=SEL_C Pin=IC4-14
Removed Pin From Net: NetName=DGND Pin=IC4-15
Removed Pin From Net: NetName=T12 Pin=IC4-20
Removed Pin From Net: NetName=T11 Pin=IC4-21
Removed Pin From Net: NetName=T10 Pin=IC4-22
Removed Pin From Net: NetName=T9 Pin=IC4-23
Removed Pin From Net: NetName=D3.3V Pin=IC4-24
Removed Pin From Net: NetName=RX Pin=IC5-1
Removed Pin From Net: NetName=R8 Pin=IC5-2
Removed Pin From Net: NetName=R7 Pin=IC5-3
Removed Pin From Net: NetName=R6 Pin=IC5-4
Removed Pin From Net: NetName=R5 Pin=IC5-5
Removed Pin From Net: NetName=R4 Pin=IC5-6
Removed Pin From Net: NetName=R3 Pin=IC5-7
Removed Pin From Net: NetName=R2 Pin=IC5-8
Removed Pin From Net: NetName=R1 Pin=IC5-9
Removed Pin From Net: NetName=SEL_A Pin=IC5-10
Removed Pin From Net: NetName=SEL_B Pin=IC5-11
Removed Pin From Net: NetName=DGND Pin=IC5-12
Removed Pin From Net: NetName=SEL_D Pin=IC5-13
Removed Pin From Net: NetName=SEL_C Pin=IC5-14
Removed Pin From Net: NetName=DGND Pin=IC5-15
Removed Pin From Net: NetName=R12 Pin=IC5-20
Removed Pin From Net: NetName=R11 Pin=IC5-21
Removed Pin From Net: NetName=R10 Pin=IC5-22
Removed Pin From Net: NetName=R9 Pin=IC5-23
Removed Pin From Net: NetName=D3.3V Pin=IC5-24
Removed Member From Class: ClassName=DNJLV1.1 Member=IC4
Removed Member From Class: ClassName=DNJLV1.1 Member=IC5
Change Component Designator: OldDesignator=U?? NewDesignator=U43
Added Component: Designator=C58(C 0603_L)
Add component (AddParameter): Name = "BOM名称"; Value = "无极性贴片电容"; VariantName = "[No Variations]"
Add component (AddParameter): Name = "唯一出售店铺网址"; Value = "https://shop463601444.taobao.com"; VariantName = "[No Variations]"
Add component (AddParameter): Name = "淘宝ID"; Value = "封装库来自淘宝 ID：黄晶宝石"; VariantName = "[No Variations]"
Add component (AddParameter): Name = "联系售后，技术支持"; Value = "https://shop463601444.taobao.com"; VariantName = "[No Variations]"
Added Component: Designator=C59(C 0603_L)
Add component (AddParameter): Name = "BOM名称"; Value = "无极性贴片电容"; VariantName = "[No Variations]"
Add component (AddParameter): Name = "唯一出售店铺网址"; Value = "https://shop463601444.taobao.com"; VariantName = "[No Variations]"
Add component (AddParameter): Name = "淘宝ID"; Value = "封装库来自淘宝 ID：黄晶宝石"; VariantName = "[No Variations]"
Add component (AddParameter): Name = "联系售后，技术支持"; Value = "https://shop463601444.taobao.com"; VariantName = "[No Variations]"
Added Component: Designator=C60(C 0603_L)
Add component (AddParameter): Name = "BOM名称"; Value = "无极性贴片电容"; VariantName = "[No Variations]"
Add component (AddParameter): Name = "唯一出售店铺网址"; Value = "https://shop463601444.taobao.com"; VariantName = "[No Variations]"
Add component (AddParameter): Name = "淘宝ID"; Value = "封装库来自淘宝 ID：黄晶宝石"; VariantName = "[No Variations]"
Add component (AddParameter): Name = "联系售后，技术支持"; Value = "https://shop463601444.taobao.com"; VariantName = "[No Variations]"
Added Component: Designator=C61(C 0603_L)
Add component (AddParameter): Name = "BOM名称"; Value = "无极性贴片电容"; VariantName = "[No Variations]"
Add component (AddParameter): Name = "唯一出售店铺网址"; Value = "https://shop463601444.taobao.com"; VariantName = "[No Variations]"
Add component (AddParameter): Name = "淘宝ID"; Value = "封装库来自淘宝 ID：黄晶宝石"; VariantName = "[No Variations]"
Add component (AddParameter): Name = "联系售后，技术支持"; Value = "https://shop463601444.taobao.com"; VariantName = "[No Variations]"
Added Component: Designator=Q1(SOT23-3N)
Add component (AddParameter): Name = "BOM名称"; Value = "高频放大-NPN型"; VariantName = "[No Variations]"
Add component (AddParameter): Name = "属性"; Value = "40V 1.5A 1W 100MHZ"; VariantName = "[No Variations]"
Add component (AddParameter): Name = "版权归属"; Value = "封装库来自淘宝 ID：黄晶宝石"; VariantName = "[No Variations]"
Add component (AddParameter): Name = "联系售后"; Value = "https://shop463601444.taobao.com"; VariantName = "[No Variations]"
Added Component: Designator=R107(R 0603_L)
Add component (AddParameter): Name = "BOM名称"; Value = "贴片电阻"; VariantName = "[No Variations]"
Add component (AddParameter): Name = "封装库来自淘宝卖家 ID：黄晶宝石"; Value = "其他店铺购入均为盗版，不享受售后技术支持服务，请立即申请退款"; VariantName = "[No Variations]"
Add component (AddParameter): Name = "版权归属"; Value = "来自淘宝 ID：黄晶宝石"; VariantName = "[No Variations]"
Add component (AddParameter): Name = "联系售后"; Value = "https://shop463601444.taobao.com"; VariantName = "[No Variations]"
Added Component: Designator=R108(R 0603_L)
Add component (AddParameter): Name = "BOM名称"; Value = "贴片电阻"; VariantName = "[No Variations]"
Add component (AddParameter): Name = "封装库来自淘宝卖家 ID：黄晶宝石"; Value = "其他店铺购入均为盗版，不享受售后技术支持服务，请立即申请退款"; VariantName = "[No Variations]"
Add component (AddParameter): Name = "版权归属"; Value = "来自淘宝 ID：黄晶宝石"; VariantName = "[No Variations]"
Add component (AddParameter): Name = "联系售后"; Value = "https://shop463601444.taobao.com"; VariantName = "[No Variations]"
Added Component: Designator=R109(R 0603_L)
Add component (AddParameter): Name = "BOM名称"; Value = "贴片电阻"; VariantName = "[No Variations]"
Add component (AddParameter): Name = "封装库来自淘宝卖家 ID：黄晶宝石"; Value = "其他店铺购入均为盗版，不享受售后技术支持服务，请立即申请退款"; VariantName = "[No Variations]"
Add component (AddParameter): Name = "版权归属"; Value = "来自淘宝 ID：黄晶宝石"; VariantName = "[No Variations]"
Add component (AddParameter): Name = "联系售后"; Value = "https://shop463601444.taobao.com"; VariantName = "[No Variations]"
Added Component: Designator=U42(QFN24 4x4_M)
Added Pin To Net: NetName=D3.3V Pin=C58-1
Added Pin To Net: NetName=DGND Pin=C58-2
Added Pin To Net: NetName=D3.3V Pin=C59-1
Added Pin To Net: NetName=DGND Pin=C59-2
Added Pin To Net: NetName=D3.3V Pin=C60-1
Added Pin To Net: NetName=DGND Pin=C60-2
Added Pin To Net: NetName=D3.3V Pin=C61-1
Added Pin To Net: NetName=DGND Pin=C61-2
Added Pin To Net: NetName=DGND Pin=Q1-2
Added Pin To Net: NetName=SEL_D Pin=R107-2
Added Pin To Net: NetName=D3.3V Pin=R108-2
Added Pin To Net: NetName=SEL_D Pin=R109-1
Added Pin To Net: NetName=D3.3V Pin=R109-2
Added Pin To Net: NetName=SEL_C Pin=U42-1
Added Pin To Net: NetName=D3.3V Pin=U42-2
Added Pin To Net: NetName=R9 Pin=U42-3
Added Pin To Net: NetName=R1 Pin=U42-4
Added Pin To Net: NetName=R10 Pin=U42-5
Added Pin To Net: NetName=R2 Pin=U42-6
Added Pin To Net: NetName=R11 Pin=U42-7
Added Pin To Net: NetName=R3 Pin=U42-8
Added Pin To Net: NetName=R12 Pin=U42-9
Added Pin To Net: NetName=R4 Pin=U42-10
Added Pin To Net: NetName=SEL_D Pin=U42-12
Added Pin To Net: NetName=RX Pin=U42-13
Added Pin To Net: NetName=RX Pin=U42-14
Added Pin To Net: NetName=R8 Pin=U42-16
Added Pin To Net: NetName=R7 Pin=U42-18
Added Pin To Net: NetName=R6 Pin=U42-20
Added Pin To Net: NetName=R5 Pin=U42-22
Added Pin To Net: NetName=SEL_A Pin=U42-23
Added Pin To Net: NetName=SEL_B Pin=U42-24
Added Pin To Net: NetName=SEL_C Pin=U43-1
Added Pin To Net: NetName=D3.3V Pin=U43-2
Added Pin To Net: NetName=T9 Pin=U43-3
Added Pin To Net: NetName=T1 Pin=U43-4
Added Pin To Net: NetName=T10 Pin=U43-5
Added Pin To Net: NetName=T2 Pin=U43-6
Added Pin To Net: NetName=T11 Pin=U43-7
Added Pin To Net: NetName=T3 Pin=U43-8
Added Pin To Net: NetName=T12 Pin=U43-9
Added Pin To Net: NetName=T4 Pin=U43-10
Added Pin To Net: NetName=SEL_D Pin=U43-12
Added Pin To Net: NetName=TX Pin=U43-13
Added Pin To Net: NetName=TX Pin=U43-14
Added Pin To Net: NetName=T8 Pin=U43-16
Added Pin To Net: NetName=T7 Pin=U43-18
Added Pin To Net: NetName=T6 Pin=U43-20
Added Pin To Net: NetName=T5 Pin=U43-22
Added Pin To Net: NetName=SEL_A Pin=U43-23
Added Pin To Net: NetName=SEL_B Pin=U43-24
Added Pin To Net: NetName=NetQ1_1 Pin=Q1-1
Added Pin To Net: NetName=NetQ1_1 Pin=R107-1
Added Net: Name=NetQ1_1
Added Pin To Net: NetName=SEL_D2 Pin=Q1-3
Added Pin To Net: NetName=SEL_D2 Pin=R108-1
Added Pin To Net: NetName=SEL_D2 Pin=U42-11
Added Pin To Net: NetName=SEL_D2 Pin=U43-11
Added Net: Name=SEL_D2
Added Member To Class: ClassName=DNJLV1.1 Member=Component C58 105
Added Member To Class: ClassName=DNJLV1.1 Member=Component C59 104
Added Member To Class: ClassName=DNJLV1.1 Member=Component C60 105
Added Member To Class: ClassName=DNJLV1.1 Member=Component C61 104
Added Member To Class: ClassName=DNJLV1.1 Member=Component Q1 SS8050
Added Member To Class: ClassName=DNJLV1.1 Member=Component R107 1K
Added Member To Class: ClassName=DNJLV1.1 Member=Component R108 10K
Added Member To Class: ClassName=DNJLV1.1 Member=Component R109 10K
Added Member To Class: ClassName=DNJLV1.1 Member=Component U42 CH448F
Added Room: Name=DNJLV1.1
