Removed Pin From Net: NetName=JDQ5_1 Pin=U2-2
Removed Pin From Net: NetName=JDQ5_2 Pin=U2-3
Removed Pin From Net: NetName=JDQ6_1 Pin=U2-4
Removed Pin From Net: NetName=JDQ6_2 Pin=U2-5
Removed Pin From Net: NetName=JDQ7_1 Pin=U2-6
Removed Pin From Net: NetName=JDQ7_2 Pin=U2-7
Removed Pin From Net: NetName=JDQ7_2out Pin=U2-10
Removed Pin From Net: NetName=JDQ7_1out Pin=U2-11
Removed Pin From Net: NetName=JDQ6_2out Pin=U2-12
Removed Pin From Net: NetName=JDQ6_1out Pin=U2-13
Removed Pin From Net: NetName=JDQ5_2out Pin=U2-14
Removed Pin From Net: NetName=JDQ5_1out Pin=U2-15
Added Pin To Net: NetName=JDQ7_2 Pin=U2-2
Added Pin To Net: NetName=JDQ7_1 Pin=U2-3
Added Pin To Net: NetName=JDQ6_2 Pin=U2-4
Added Pin To Net: NetName=JDQ6_1 Pin=U2-5
Added Pin To Net: NetName=JDQ5_2 Pin=U2-6
Added Pin To Net: NetName=JDQ5_1 Pin=U2-7
Added Pin To Net: NetName=JDQ5_1out Pin=U2-10
Added Pin To Net: NetName=JDQ5_2out Pin=U2-11
Added Pin To Net: NetName=JDQ6_1out Pin=U2-12
Added Pin To Net: NetName=JDQ6_2out Pin=U2-13
Added Pin To Net: NetName=JDQ7_1out Pin=U2-14
Added Pin To Net: NetName=JDQ7_2out Pin=U2-15
Added Member To Class: ClassName=connectV1.1 Member=Component JP? HDR-1X4
Added Member To Class: ClassName=connectV1.1 Member=Component JP? HDR-1X2
Added Member To Class: ClassName=connectV1.1 Member=Component JP? HDR-1X4
