Removed Member From Class: ClassName=connectV1.1 Member=C?
Removed Member From Class: ClassName=JDQV1.1 Member=IC?
Removed Member From Class: ClassName=JDQV1.1 Member=U?
Change Component Designator: OldDesignator=C? NewDesignator=C1
Change Component Designator: OldDesignator=C? NewDesignator=C2
Change Component Designator: OldDesignator=C? NewDesignator=C3
Change Component Designator: OldDesignator=C? NewDesignator=C4
Change Component Designator: OldDesignator=C? NewDesignator=C5
Change Component Designator: OldDesignator=C? NewDesignator=C6
Change Component Designator: OldDesignator=C? NewDesignator=C7
Change Component Designator: OldDesignator=C? NewDesignator=C8
Change Component Designator: OldDesignator=C? NewDesignator=C9
Change Component Designator: OldDesignator=C? NewDesignator=C10
Change Component Designator: OldDesignator=C? NewDesignator=C11
Change Component Designator: OldDesignator=C? NewDesignator=C12
Change Component Designator: OldDesignator=C? NewDesignator=C13
Change Component Designator: OldDesignator=C? NewDesignator=C14
Change Component Designator: OldDesignator=C? NewDesignator=C15
Change Component Designator: OldDesignator=C? NewDesignator=C16
Change Component Designator: OldDesignator=C? NewDesignator=C17
Change Component Designator: OldDesignator=C? NewDesignator=C18
Change Component Designator: OldDesignator=C? NewDesignator=C19
Change Component Designator: OldDesignator=C? NewDesignator=C20
Change Component Designator: OldDesignator=C? NewDesignator=C21
Change Component Designator: OldDesignator=C? NewDesignator=C22
Change Component Designator: OldDesignator=C? NewDesignator=C23
Change Component Designator: OldDesignator=C? NewDesignator=C24
Change Component Designator: OldDesignator=C? NewDesignator=C25
Change Component Designator: OldDesignator=C? NewDesignator=C26
Change Component Designator: OldDesignator=C? NewDesignator=C27
Change Component Designator: OldDesignator=C? NewDesignator=C28
Change Component Designator: OldDesignator=C? NewDesignator=C29
Change Component Designator: OldDesignator=C? NewDesignator=C30
Change Component Designator: OldDesignator=C? NewDesignator=C31
Change Component Designator: OldDesignator=C? NewDesignator=C32
Change Component Designator: OldDesignator=C? NewDesignator=C33
Change Component Designator: OldDesignator=C? NewDesignator=C34
Change Component Designator: OldDesignator=C? NewDesignator=C35
Change Component Designator: OldDesignator=C? NewDesignator=C36
Change Component Designator: OldDesignator=C? NewDesignator=C37
Change Component Designator: OldDesignator=C? NewDesignator=C38
Change Component Designator: OldDesignator=C? NewDesignator=C39
Change Component Designator: OldDesignator=C? NewDesignator=C40
Change Component Designator: OldDesignator=C? NewDesignator=C41
Change Component Designator: OldDesignator=C? NewDesignator=C42
Change Component Designator: OldDesignator=C? NewDesignator=C43
Change Component Designator: OldDesignator=C? NewDesignator=C44
Change Component Designator: OldDesignator=C? NewDesignator=C45
Change Component Designator: OldDesignator=C? NewDesignator=C46
Change Component Designator: OldDesignator=C? NewDesignator=C47
Change Component Designator: OldDesignator=C? NewDesignator=C48
Change Component Designator: OldDesignator=C? NewDesignator=C49
Change Component Designator: OldDesignator=C? NewDesignator=C50
Change Component Designator: OldDesignator=C? NewDesignator=C51
Change Component Designator: OldDesignator=C? NewDesignator=C52
Change Component Designator: OldDesignator=C? NewDesignator=C53
Change Component Designator: OldDesignator=E? NewDesignator=E1
Change Component Designator: OldDesignator=E? NewDesignator=E2
Change Component Designator: OldDesignator=F? NewDesignator=F1
Change Component Designator: OldDesignator=F? NewDesignator=F2
Change Component Designator: OldDesignator=F? NewDesignator=F3
Change Component Designator: OldDesignator=F? NewDesignator=F4
Change Component Designator: OldDesignator=F? NewDesignator=F5
Change Component Designator: OldDesignator=F? NewDesignator=F6
Change Component Designator: OldDesignator=F? NewDesignator=F7
Change Component Designator: OldDesignator=F? NewDesignator=F8
Change Component Designator: OldDesignator=F? NewDesignator=F9
Change Component Designator: OldDesignator=F? NewDesignator=F10
Change Component Designator: OldDesignator=F? NewDesignator=F11
Change Component Designator: OldDesignator=F? NewDesignator=F12
Change Component Designator: OldDesignator=IC? NewDesignator=IC1
Change Component Designator: OldDesignator=IC? NewDesignator=IC2
Change Component Designator: OldDesignator=IC? NewDesignator=IC3
Change Component Designator: OldDesignator=IC? NewDesignator=IC4
Change Component Designator: OldDesignator=IC? NewDesignator=IC5
Change Component Designator: OldDesignator=JK? NewDesignator=JK1
Change Component Designator: OldDesignator=JK? NewDesignator=JK2
Change Component Designator: OldDesignator=JK? NewDesignator=JK3
Change Component Designator: OldDesignator=JK? NewDesignator=JK4
Change Component Designator: OldDesignator=JK? NewDesignator=JK5
Change Component Designator: OldDesignator=JK? NewDesignator=JK6
Change Component Designator: OldDesignator=JK? NewDesignator=JK7
Change Component Designator: OldDesignator=JK? NewDesignator=JK8
Change Component Designator: OldDesignator=JK? NewDesignator=JK9
Change Component Designator: OldDesignator=JK? NewDesignator=JK10
Change Component Designator: OldDesignator=JK? NewDesignator=JK11
Change Component Designator: OldDesignator=JK? NewDesignator=JK12
Change Component Designator: OldDesignator=JP? NewDesignator=JP1
Change Component Designator: OldDesignator=JP? NewDesignator=JP2
Change Component Designator: OldDesignator=JP? NewDesignator=JP3
Change Component Designator: OldDesignator=MŁż? NewDesignator=MŁż1
Change Component Designator: OldDesignator=MŁż? NewDesignator=MŁż2
Change Component Designator: OldDesignator=R? NewDesignator=R1
Change Component Designator: OldDesignator=R? NewDesignator=R2
Change Component Designator: OldDesignator=R? NewDesignator=R3
Change Component Designator: OldDesignator=R? NewDesignator=R4
Change Component Designator: OldDesignator=R? NewDesignator=R5
Change Component Designator: OldDesignator=R? NewDesignator=R6
Change Component Designator: OldDesignator=R? NewDesignator=R7
Change Component Designator: OldDesignator=R? NewDesignator=R8
Change Component Designator: OldDesignator=R? NewDesignator=R9
Change Component Designator: OldDesignator=R? NewDesignator=R10
Change Component Designator: OldDesignator=R? NewDesignator=R11
Change Component Designator: OldDesignator=R? NewDesignator=R12
Change Component Designator: OldDesignator=R? NewDesignator=R13
Change Component Designator: OldDesignator=R? NewDesignator=R14
Change Component Designator: OldDesignator=R? NewDesignator=R15
Change Component Designator: OldDesignator=R? NewDesignator=R16
Change Component Designator: OldDesignator=R? NewDesignator=R17
Change Component Designator: OldDesignator=R? NewDesignator=R18
Change Component Designator: OldDesignator=R? NewDesignator=R19
Change Component Designator: OldDesignator=R? NewDesignator=R20
Change Component Designator: OldDesignator=R? NewDesignator=R21
Change Component Designator: OldDesignator=R? NewDesignator=R22
Change Component Designator: OldDesignator=R? NewDesignator=R23
Change Component Designator: OldDesignator=R? NewDesignator=R24
Change Component Designator: OldDesignator=R? NewDesignator=R25
Change Component Designator: OldDesignator=R? NewDesignator=R26
Change Component Designator: OldDesignator=R? NewDesignator=R27
Change Component Designator: OldDesignator=R? NewDesignator=R28
Change Component Designator: OldDesignator=R? NewDesignator=R29
Change Component Designator: OldDesignator=R? NewDesignator=R30
Change Component Designator: OldDesignator=R? NewDesignator=R31
Change Component Designator: OldDesignator=R? NewDesignator=R32
Change Component Designator: OldDesignator=R? NewDesignator=R33
Change Component Designator: OldDesignator=R? NewDesignator=R34
Change Component Designator: OldDesignator=R? NewDesignator=R35
Change Component Designator: OldDesignator=R? NewDesignator=R36
Change Component Designator: OldDesignator=R? NewDesignator=R37
Change Component Designator: OldDesignator=R? NewDesignator=R38
Change Component Designator: OldDesignator=R? NewDesignator=R39
Change Component Designator: OldDesignator=R? NewDesignator=R40
Change Component Designator: OldDesignator=R? NewDesignator=R41
Change Component Designator: OldDesignator=R? NewDesignator=R42
Change Component Designator: OldDesignator=R? NewDesignator=R43
Change Component Designator: OldDesignator=R? NewDesignator=R44
Change Component Designator: OldDesignator=R? NewDesignator=R45
Change Component Designator: OldDesignator=R? NewDesignator=R46
Change Component Designator: OldDesignator=R? NewDesignator=R47
Change Component Designator: OldDesignator=R? NewDesignator=R48
Change Component Designator: OldDesignator=R? NewDesignator=R49
Change Component Designator: OldDesignator=R? NewDesignator=R50
Change Component Designator: OldDesignator=R? NewDesignator=R51
Change Component Designator: OldDesignator=R? NewDesignator=R52
Change Component Designator: OldDesignator=R? NewDesignator=R53
Change Component Designator: OldDesignator=R? NewDesignator=R54
Change Component Designator: OldDesignator=R? NewDesignator=R55
Change Component Designator: OldDesignator=R? NewDesignator=R56
Change Component Designator: OldDesignator=R? NewDesignator=R57
Change Component Designator: OldDesignator=R? NewDesignator=R58
Change Component Designator: OldDesignator=R? NewDesignator=R59
Change Component Designator: OldDesignator=R? NewDesignator=R60
Change Component Designator: OldDesignator=R? NewDesignator=R61
Change Component Designator: OldDesignator=R? NewDesignator=R62
Change Component Designator: OldDesignator=R? NewDesignator=R63
Change Component Designator: OldDesignator=R? NewDesignator=R64
Change Component Designator: OldDesignator=R? NewDesignator=R65
Change Component Designator: OldDesignator=R? NewDesignator=R66
Change Component Designator: OldDesignator=R? NewDesignator=R67
Change Component Designator: OldDesignator=R? NewDesignator=R68
Change Component Designator: OldDesignator=R? NewDesignator=R69
Change Component Designator: OldDesignator=R? NewDesignator=R70
Change Component Designator: OldDesignator=R? NewDesignator=R71
Change Component Designator: OldDesignator=R? NewDesignator=R72
Change Component Designator: OldDesignator=R? NewDesignator=R73
Change Component Designator: OldDesignator=R? NewDesignator=R74
Change Component Designator: OldDesignator=R? NewDesignator=R75
Change Component Designator: OldDesignator=R? NewDesignator=R76
Change Component Designator: OldDesignator=R? NewDesignator=R77
Change Component Designator: OldDesignator=R? NewDesignator=R78
Change Component Designator: OldDesignator=R? NewDesignator=R79
Change Component Designator: OldDesignator=R? NewDesignator=R80
Change Component Designator: OldDesignator=R? NewDesignator=R81
Change Component Designator: OldDesignator=R? NewDesignator=R82
Change Component Designator: OldDesignator=R? NewDesignator=R83
Change Component Designator: OldDesignator=R? NewDesignator=R84
Change Component Designator: OldDesignator=R? NewDesignator=R85
Change Component Designator: OldDesignator=R? NewDesignator=R86
Change Component Designator: OldDesignator=R? NewDesignator=R87
Change Component Designator: OldDesignator=R? NewDesignator=R88
Change Component Designator: OldDesignator=R? NewDesignator=R89
Change Component Designator: OldDesignator=R? NewDesignator=R90
Change Component Designator: OldDesignator=R? NewDesignator=R91
Change Component Designator: OldDesignator=R? NewDesignator=R92
Change Component Designator: OldDesignator=R? NewDesignator=R93
Change Component Designator: OldDesignator=R? NewDesignator=R94
Change Component Designator: OldDesignator=R? NewDesignator=R95
Change Component Designator: OldDesignator=R? NewDesignator=R96
Change Component Designator: OldDesignator=R? NewDesignator=R97
Change Component Designator: OldDesignator=R? NewDesignator=R98
Change Component Designator: OldDesignator=R? NewDesignator=R99
Change Component Designator: OldDesignator=R? NewDesignator=R100
Change Component Designator: OldDesignator=R? NewDesignator=R101
Change Component Designator: OldDesignator=R? NewDesignator=R102
Change Component Designator: OldDesignator=U? NewDesignator=U1
Change Component Designator: OldDesignator=U? NewDesignator=U2
Change Component Designator: OldDesignator=U? NewDesignator=U3
Change Component Designator: OldDesignator=U? NewDesignator=U4
Change Component Designator: OldDesignator=U? NewDesignator=U5
Change Component Designator: OldDesignator=U? NewDesignator=U6
Change Component Designator: OldDesignator=U? NewDesignator=U7
Change Component Designator: OldDesignator=U? NewDesignator=U8
Change Component Designator: OldDesignator=U? NewDesignator=U9
Change Component Designator: OldDesignator=U? NewDesignator=U10
Change Component Designator: OldDesignator=U? NewDesignator=U11
Change Component Designator: OldDesignator=U? NewDesignator=U12
Change Component Designator: OldDesignator=U? NewDesignator=U13
Change Component Designator: OldDesignator=U? NewDesignator=U14
Change Component Designator: OldDesignator=U? NewDesignator=U15
Change Component Designator: OldDesignator=U? NewDesignator=U16
Change Component Designator: OldDesignator=U? NewDesignator=U17
Change Component Designator: OldDesignator=U? NewDesignator=U18
Change Component Designator: OldDesignator=U? NewDesignator=U19
Change Component Designator: OldDesignator=U? NewDesignator=U20
Change Component Designator: OldDesignator=U? NewDesignator=U21
Change Component Designator: OldDesignator=U? NewDesignator=U22
Change Component Designator: OldDesignator=U? NewDesignator=U23
Change Component Designator: OldDesignator=U? NewDesignator=U24
Change Component Designator: OldDesignator=U? NewDesignator=U25
Change Component Designator: OldDesignator=U? NewDesignator=U26
Change Component Designator: OldDesignator=U? NewDesignator=U27
Change Component Designator: OldDesignator=U? NewDesignator=U28
Change Component Designator: OldDesignator=U? NewDesignator=U29
Change Component Designator: OldDesignator=U? NewDesignator=U30
Change Component Designator: OldDesignator=U? NewDesignator=U31
Change Component Designator: OldDesignator=U? NewDesignator=U32
Change Component Designator: OldDesignator=U? NewDesignator=U33
Change Component Designator: OldDesignator=U? NewDesignator=U34
Change Component Designator: OldDesignator=U? NewDesignator=U35
Change Component Designator: OldDesignator=U? NewDesignator=U36
Change Component Designator: OldDesignator=U? NewDesignator=U37
Change Component Designator: OldDesignator=U? NewDesignator=U38
Change Component Designator: OldDesignator=U? NewDesignator=U39
Change Component Designator: OldDesignator=U? NewDesignator=U40
Change Component Designator: OldDesignator=V? NewDesignator=V1
Change Net Name : Old Net Name=NetC?_1 New Net Name=NetC39_1
Change Net Name : Old Net Name=NetC?_2 New Net Name=NetC3_2
Change Net Name : Old Net Name=NetF?_2 New Net Name=NetF9_2
Change Net Name : Old Net Name=NetIC?_9 New Net Name=NetIC1_9
Change Net Name : Old Net Name=NetIC?_11 New Net Name=NetIC1_11
Change Net Name : Old Net Name=NetIC?_12 New Net Name=NetIC1_12
Change Net Name : Old Net Name=NetIC?_14 New Net Name=NetIC3_14
Change Net Name : Old Net Name=NetJP?_3 New Net Name=NetJP1_3
Change Net Name : Old Net Name=NetJP?_4 New Net Name=NetJP1_4
Change Net Name : Old Net Name=NetJP?_5 New Net Name=NetJP1_5
Change Net Name : Old Net Name=NetJP?_6 New Net Name=NetJP1_6
Change Net Name : Old Net Name=NetJP?_7 New Net Name=NetJP1_7
Change Net Name : Old Net Name=NetJP?_8 New Net Name=NetJP1_8
Change Net Name : Old Net Name=NetR?_1 New Net Name=NetR21_1
Change Net Name : Old Net Name=NetR?_2 New Net Name=NetR34_2
Added Pin To Net: NetName=NetC1_2 Pin=C1-2
Added Pin To Net: NetName=NetC1_2 Pin=R1-1
Added Pin To Net: NetName=NetC1_2 Pin=U5-1
Added Net: Name=NetC1_2
Added Pin To Net: NetName=NetC2_2 Pin=C2-2
Added Pin To Net: NetName=NetC2_2 Pin=R2-1
Added Pin To Net: NetName=NetC2_2 Pin=U6-1
Added Net: Name=NetC2_2
Added Pin To Net: NetName=NetC4_2 Pin=C4-2
Added Pin To Net: NetName=NetC4_2 Pin=R4-1
Added Pin To Net: NetName=NetC4_2 Pin=U8-1
Added Net: Name=NetC4_2
Added Pin To Net: NetName=NetC5_1 Pin=C5-1
Added Pin To Net: NetName=NetC5_1 Pin=R9-1
Added Pin To Net: NetName=NetC5_1 Pin=U5-2
Added Net: Name=NetC5_1
Added Pin To Net: NetName=NetC6_1 Pin=C6-1
Added Pin To Net: NetName=NetC6_1 Pin=R10-1
Added Pin To Net: NetName=NetC6_1 Pin=U6-2
Added Net: Name=NetC6_1
Added Pin To Net: NetName=NetC7_1 Pin=C7-1
Added Pin To Net: NetName=NetC7_1 Pin=R11-1
Added Pin To Net: NetName=NetC7_1 Pin=U7-2
Added Net: Name=NetC7_1
Added Pin To Net: NetName=NetC8_1 Pin=C8-1
Added Pin To Net: NetName=NetC8_1 Pin=R12-1
Added Pin To Net: NetName=NetC8_1 Pin=U8-2
Added Net: Name=NetC8_1
Added Pin To Net: NetName=NetC13_2 Pin=C13-2
Added Pin To Net: NetName=NetC13_2 Pin=U5-5
Added Net: Name=NetC13_2
Added Pin To Net: NetName=NetC14_2 Pin=C14-2
Added Pin To Net: NetName=NetC14_2 Pin=U6-5
Added Net: Name=NetC14_2
Added Pin To Net: NetName=NetC15_2 Pin=C15-2
Added Pin To Net: NetName=NetC15_2 Pin=U7-5
Added Net: Name=NetC15_2
Added Pin To Net: NetName=NetC16_2 Pin=C16-2
Added Pin To Net: NetName=NetC16_2 Pin=U8-5
Added Net: Name=NetC16_2
Added Pin To Net: NetName=NetC18_2 Pin=C18-2
Added Pin To Net: NetName=NetC18_2 Pin=R35-1
Added Pin To Net: NetName=NetC18_2 Pin=U17-1
Added Net: Name=NetC18_2
Added Pin To Net: NetName=NetC19_2 Pin=C19-2
Added Pin To Net: NetName=NetC19_2 Pin=R36-1
Added Pin To Net: NetName=NetC19_2 Pin=U18-1
Added Net: Name=NetC19_2
Added Pin To Net: NetName=NetC20_2 Pin=C20-2
Added Pin To Net: NetName=NetC20_2 Pin=R37-1
Added Pin To Net: NetName=NetC20_2 Pin=U19-1
Added Net: Name=NetC20_2
Added Pin To Net: NetName=NetC21_2 Pin=C21-2
Added Pin To Net: NetName=NetC21_2 Pin=R38-1
Added Pin To Net: NetName=NetC21_2 Pin=U20-1
Added Net: Name=NetC21_2
Added Pin To Net: NetName=NetC22_1 Pin=C22-1
Added Pin To Net: NetName=NetC22_1 Pin=R43-1
Added Pin To Net: NetName=NetC22_1 Pin=U17-2
Added Net: Name=NetC22_1
Added Pin To Net: NetName=NetC23_1 Pin=C23-1
Added Pin To Net: NetName=NetC23_1 Pin=R44-1
Added Pin To Net: NetName=NetC23_1 Pin=U18-2
Added Net: Name=NetC23_1
Added Pin To Net: NetName=NetC24_1 Pin=C24-1
Added Pin To Net: NetName=NetC24_1 Pin=R45-1
Added Pin To Net: NetName=NetC24_1 Pin=U19-2
Added Net: Name=NetC24_1
Added Pin To Net: NetName=NetC25_1 Pin=C25-1
Added Pin To Net: NetName=NetC25_1 Pin=R46-1
Added Pin To Net: NetName=NetC25_1 Pin=U20-2
Added Net: Name=NetC25_1
Added Pin To Net: NetName=NetC30_2 Pin=C30-2
Added Pin To Net: NetName=NetC30_2 Pin=U17-5
Added Net: Name=NetC30_2
Added Pin To Net: NetName=NetC31_2 Pin=C31-2
Added Pin To Net: NetName=NetC31_2 Pin=U18-5
Added Net: Name=NetC31_2
Added Pin To Net: NetName=NetC32_2 Pin=C32-2
Added Pin To Net: NetName=NetC32_2 Pin=U19-5
Added Net: Name=NetC32_2
Added Pin To Net: NetName=NetC33_2 Pin=C33-2
Added Pin To Net: NetName=NetC33_2 Pin=U20-5
Added Net: Name=NetC33_2
Added Pin To Net: NetName=NetC35_2 Pin=C35-2
Added Pin To Net: NetName=NetC35_2 Pin=R69-1
Added Pin To Net: NetName=NetC35_2 Pin=U29-1
Added Net: Name=NetC35_2
Added Pin To Net: NetName=NetC36_2 Pin=C36-2
Added Pin To Net: NetName=NetC36_2 Pin=R70-1
Added Pin To Net: NetName=NetC36_2 Pin=U30-1
Added Net: Name=NetC36_2
Added Pin To Net: NetName=NetC37_2 Pin=C37-2
Added Pin To Net: NetName=NetC37_2 Pin=R71-1
Added Pin To Net: NetName=NetC37_2 Pin=U31-1
Added Net: Name=NetC37_2
Added Pin To Net: NetName=NetC38_2 Pin=C38-2
Added Pin To Net: NetName=NetC38_2 Pin=R72-1
Added Pin To Net: NetName=NetC38_2 Pin=U32-1
Added Net: Name=NetC38_2
Added Pin To Net: NetName=NetC40_1 Pin=C40-1
Added Pin To Net: NetName=NetC40_1 Pin=R78-1
Added Pin To Net: NetName=NetC40_1 Pin=U30-2
Added Net: Name=NetC40_1
Added Pin To Net: NetName=NetC41_1 Pin=C41-1
Added Pin To Net: NetName=NetC41_1 Pin=R79-1
Added Pin To Net: NetName=NetC41_1 Pin=U31-2
Added Net: Name=NetC41_1
Added Pin To Net: NetName=NetC42_1 Pin=C42-1
Added Pin To Net: NetName=NetC42_1 Pin=R80-1
Added Pin To Net: NetName=NetC42_1 Pin=U32-2
Added Net: Name=NetC42_1
Added Pin To Net: NetName=NetC47_2 Pin=C47-2
Added Pin To Net: NetName=NetC47_2 Pin=U29-5
Added Net: Name=NetC47_2
Added Pin To Net: NetName=NetC48_2 Pin=C48-2
Added Pin To Net: NetName=NetC48_2 Pin=U30-5
Added Net: Name=NetC48_2
Added Pin To Net: NetName=NetC49_2 Pin=C49-2
Added Pin To Net: NetName=NetC49_2 Pin=U31-5
Added Net: Name=NetC49_2
Added Pin To Net: NetName=NetC50_2 Pin=C50-2
Added Pin To Net: NetName=NetC50_2 Pin=U32-5
Added Net: Name=NetC50_2
Added Pin To Net: NetName=NetF1_2 Pin=F1-2
Added Pin To Net: NetName=NetF1_2 Pin=JK1-4
Added Net: Name=NetF1_2
Added Pin To Net: NetName=NetF2_2 Pin=F2-2
Added Pin To Net: NetName=NetF2_2 Pin=JK2-4
Added Net: Name=NetF2_2
Added Pin To Net: NetName=NetF3_2 Pin=F3-2
Added Pin To Net: NetName=NetF3_2 Pin=JK3-4
Added Net: Name=NetF3_2
Added Pin To Net: NetName=NetF4_2 Pin=F4-2
Added Pin To Net: NetName=NetF4_2 Pin=JK4-4
Added Net: Name=NetF4_2
Added Pin To Net: NetName=NetF5_2 Pin=F5-2
Added Pin To Net: NetName=NetF5_2 Pin=JK5-4
Added Net: Name=NetF5_2
Added Pin To Net: NetName=NetF6_2 Pin=F6-2
Added Pin To Net: NetName=NetF6_2 Pin=JK6-4
Added Net: Name=NetF6_2
Added Pin To Net: NetName=NetF7_2 Pin=F7-2
Added Pin To Net: NetName=NetF7_2 Pin=JK7-4
Added Net: Name=NetF7_2
Added Pin To Net: NetName=NetF8_2 Pin=F8-2
Added Pin To Net: NetName=NetF8_2 Pin=JK8-4
Added Net: Name=NetF8_2
Added Pin To Net: NetName=NetF10_2 Pin=F10-2
Added Pin To Net: NetName=NetF10_2 Pin=JK10-4
Added Net: Name=NetF10_2
Added Pin To Net: NetName=NetF11_2 Pin=F11-2
Added Pin To Net: NetName=NetF11_2 Pin=JK11-4
Added Net: Name=NetF11_2
Added Pin To Net: NetName=NetF12_2 Pin=F12-2
Added Pin To Net: NetName=NetF12_2 Pin=JK12-4
Added Net: Name=NetF12_2
Added Pin To Net: NetName=NetIC1_14 Pin=IC1-14
Added Pin To Net: NetName=NetIC1_14 Pin=IC3-9
Added Net: Name=NetIC1_14
Added Pin To Net: NetName=NetR17_1 Pin=R17-1
Added Pin To Net: NetName=NetR17_1 Pin=U9-1
Added Net: Name=NetR17_1
Added Pin To Net: NetName=NetR18_1 Pin=R18-1
Added Pin To Net: NetName=NetR18_1 Pin=U10-1
Added Net: Name=NetR18_1
Added Pin To Net: NetName=NetR19_1 Pin=R19-1
Added Pin To Net: NetName=NetR19_1 Pin=U11-1
Added Net: Name=NetR19_1
Added Pin To Net: NetName=NetR20_1 Pin=R20-1
Added Pin To Net: NetName=NetR20_1 Pin=U12-1
Added Net: Name=NetR20_1
Added Pin To Net: NetName=NetR22_1 Pin=R22-1
Added Pin To Net: NetName=NetR22_1 Pin=R23-2
Added Net: Name=NetR22_1
Added Pin To Net: NetName=NetR23_1 Pin=R23-1
Added Pin To Net: NetName=NetR23_1 Pin=R24-2
Added Net: Name=NetR23_1
Added Pin To Net: NetName=NetR24_1 Pin=R24-1
Added Pin To Net: NetName=NetR24_1 Pin=R25-2
Added Net: Name=NetR24_1
Added Pin To Net: NetName=NetR30_2 Pin=R30-2
Added Pin To Net: NetName=NetR30_2 Pin=U13-1
Added Net: Name=NetR30_2
Added Pin To Net: NetName=NetR32_2 Pin=R32-2
Added Pin To Net: NetName=NetR32_2 Pin=U14-1
Added Net: Name=NetR32_2
Added Pin To Net: NetName=NetR33_2 Pin=R33-2
Added Pin To Net: NetName=NetR33_2 Pin=U15-1
Added Net: Name=NetR33_2
Added Pin To Net: NetName=NetR51_1 Pin=R51-1
Added Pin To Net: NetName=NetR51_1 Pin=U21-1
Added Net: Name=NetR51_1
Added Pin To Net: NetName=NetR52_1 Pin=R52-1
Added Pin To Net: NetName=NetR52_1 Pin=U22-1
Added Net: Name=NetR52_1
Added Pin To Net: NetName=NetR53_1 Pin=R53-1
Added Pin To Net: NetName=NetR53_1 Pin=U23-1
Added Net: Name=NetR53_1
Added Pin To Net: NetName=NetR54_1 Pin=R54-1
Added Pin To Net: NetName=NetR54_1 Pin=U24-1
Added Net: Name=NetR54_1
Added Pin To Net: NetName=NetR55_1 Pin=R55-1
Added Pin To Net: NetName=NetR55_1 Pin=R56-2
Added Net: Name=NetR55_1
Added Pin To Net: NetName=NetR56_1 Pin=R56-1
Added Pin To Net: NetName=NetR56_1 Pin=R57-2
Added Net: Name=NetR56_1
Added Pin To Net: NetName=NetR57_1 Pin=R57-1
Added Pin To Net: NetName=NetR57_1 Pin=R58-2
Added Net: Name=NetR57_1
Added Pin To Net: NetName=NetR58_1 Pin=R58-1
Added Pin To Net: NetName=NetR58_1 Pin=R59-2
Added Net: Name=NetR58_1
Added Pin To Net: NetName=NetR65_2 Pin=R65-2
Added Pin To Net: NetName=NetR65_2 Pin=U25-1
Added Net: Name=NetR65_2
Added Pin To Net: NetName=NetR66_2 Pin=R66-2
Added Pin To Net: NetName=NetR66_2 Pin=U26-1
Added Net: Name=NetR66_2
Added Pin To Net: NetName=NetR67_2 Pin=R67-2
Added Pin To Net: NetName=NetR67_2 Pin=U27-1
Added Net: Name=NetR67_2
Added Pin To Net: NetName=NetR68_2 Pin=R68-2
Added Pin To Net: NetName=NetR68_2 Pin=U28-1
Added Net: Name=NetR68_2
Added Pin To Net: NetName=NetR85_1 Pin=R85-1
Added Pin To Net: NetName=NetR85_1 Pin=U33-1
Added Net: Name=NetR85_1
Added Pin To Net: NetName=NetR86_1 Pin=R86-1
Added Pin To Net: NetName=NetR86_1 Pin=U34-1
Added Net: Name=NetR86_1
Added Pin To Net: NetName=NetR87_1 Pin=R87-1
Added Pin To Net: NetName=NetR87_1 Pin=U35-1
Added Net: Name=NetR87_1
Added Pin To Net: NetName=NetR88_1 Pin=R88-1
Added Pin To Net: NetName=NetR88_1 Pin=U36-1
Added Net: Name=NetR88_1
Added Pin To Net: NetName=NetR89_1 Pin=R89-1
Added Pin To Net: NetName=NetR89_1 Pin=R90-2
Added Net: Name=NetR89_1
Added Pin To Net: NetName=NetR90_1 Pin=R90-1
Added Pin To Net: NetName=NetR90_1 Pin=R91-2
Added Net: Name=NetR90_1
Added Pin To Net: NetName=NetR91_1 Pin=R91-1
Added Pin To Net: NetName=NetR91_1 Pin=R92-2
Added Net: Name=NetR91_1
Added Pin To Net: NetName=NetR92_1 Pin=R92-1
Added Pin To Net: NetName=NetR92_1 Pin=R93-2
Added Net: Name=NetR92_1
Added Pin To Net: NetName=NetR98_2 Pin=R98-2
Added Pin To Net: NetName=NetR98_2 Pin=U37-1
Added Net: Name=NetR98_2
Added Pin To Net: NetName=NetR100_2 Pin=R100-2
Added Pin To Net: NetName=NetR100_2 Pin=U38-1
Added Net: Name=NetR100_2
Added Pin To Net: NetName=NetR101_2 Pin=R101-2
Added Pin To Net: NetName=NetR101_2 Pin=U39-1
Added Net: Name=NetR101_2
Added Pin To Net: NetName=NetR102_2 Pin=R102-2
Added Pin To Net: NetName=NetR102_2 Pin=U40-1
Added Net: Name=NetR102_2
Added Member To Class: ClassName=DNJLV1.1 Member=Component C1 330nF
Added Member To Class: ClassName=DNJLV1.1 Member=Component C2 330nF
Added Member To Class: ClassName=DNJLV1.1 Member=Component C3 330nF
Added Member To Class: ClassName=DNJLV1.1 Member=Component C4 330nF
Added Member To Class: ClassName=DNJLV1.1 Member=Component C5 330nF
Added Member To Class: ClassName=DNJLV1.1 Member=Component C6 330nF
Added Member To Class: ClassName=DNJLV1.1 Member=Component C7 330nF
Added Member To Class: ClassName=DNJLV1.1 Member=Component C8 330nF
Added Member To Class: ClassName=DNJLV1.1 Member=Component C9 0.1uF
Added Member To Class: ClassName=DNJLV1.1 Member=Component C10 0.1uF
Added Member To Class: ClassName=DNJLV1.1 Member=Component C11 0.1uF
Added Member To Class: ClassName=DNJLV1.1 Member=Component C12 0.1uF
Added Member To Class: ClassName=DNJLV1.1 Member=Component C13 0.1uF
Added Member To Class: ClassName=DNJLV1.1 Member=Component C14 0.1uF
Added Member To Class: ClassName=DNJLV1.1 Member=Component C15 0.1uF
Added Member To Class: ClassName=DNJLV1.1 Member=Component C16 0.1uF
Added Member To Class: ClassName=DNJLV1.1 Member=Component C17 33nF
Added Member To Class: ClassName=DNJLV1.1 Member=Component C18 330nF
Added Member To Class: ClassName=DNJLV1.1 Member=Component C19 330nF
Added Member To Class: ClassName=DNJLV1.1 Member=Component C20 330nF
Added Member To Class: ClassName=DNJLV1.1 Member=Component C21 330nF
Added Member To Class: ClassName=DNJLV1.1 Member=Component C22 330nF
Added Member To Class: ClassName=DNJLV1.1 Member=Component C23 330nF
Added Member To Class: ClassName=DNJLV1.1 Member=Component C24 330nF
Added Member To Class: ClassName=DNJLV1.1 Member=Component C25 330nF
Added Member To Class: ClassName=DNJLV1.1 Member=Component C26 0.1uF
Added Member To Class: ClassName=DNJLV1.1 Member=Component C27 0.1uF
Added Member To Class: ClassName=DNJLV1.1 Member=Component C28 0.1uF
Added Member To Class: ClassName=DNJLV1.1 Member=Component C29 0.1uF
Added Member To Class: ClassName=DNJLV1.1 Member=Component C30 0.1uF
Added Member To Class: ClassName=DNJLV1.1 Member=Component C31 0.1uF
Added Member To Class: ClassName=DNJLV1.1 Member=Component C33 0.1uF
Added Member To Class: ClassName=DNJLV1.1 Member=Component C34 33nF
Added Member To Class: ClassName=DNJLV1.1 Member=Component C35 330nF
Added Member To Class: ClassName=DNJLV1.1 Member=Component C36 330nF
Added Member To Class: ClassName=DNJLV1.1 Member=Component C37 330nF
Added Member To Class: ClassName=DNJLV1.1 Member=Component C38 330nF
Added Member To Class: ClassName=DNJLV1.1 Member=Component C39 330nF
Added Member To Class: ClassName=DNJLV1.1 Member=Component C40 330nF
Added Member To Class: ClassName=DNJLV1.1 Member=Component C41 330nF
Added Member To Class: ClassName=DNJLV1.1 Member=Component C42 330nF
Added Member To Class: ClassName=DNJLV1.1 Member=Component C43 0.1uF
Added Member To Class: ClassName=DNJLV1.1 Member=Component C44 0.1uF
Added Member To Class: ClassName=DNJLV1.1 Member=Component C45 0.1uF
Added Member To Class: ClassName=DNJLV1.1 Member=Component C46 0.1uF
Added Member To Class: ClassName=DNJLV1.1 Member=Component C47 0.1uF
Added Member To Class: ClassName=DNJLV1.1 Member=Component C48 0.1uF
Added Member To Class: ClassName=DNJLV1.1 Member=Component C49 0.1uF
Added Member To Class: ClassName=DNJLV1.1 Member=Component C50 0.1uF
Added Member To Class: ClassName=DNJLV1.1 Member=Component C51 33nF
Added Member To Class: ClassName=connectV1.1 Member=Component C52 104
Added Member To Class: ClassName=connectV1.1 Member=Component C53 104
Added Member To Class: ClassName=connectV1.1 Member=Component E1 47uF/10V
Added Member To Class: ClassName=JDQV1.1 Member=Component F1 2A
Added Member To Class: ClassName=JDQV1.1 Member=Component F2 2A
Added Member To Class: ClassName=JDQV1.1 Member=Component F3 2A
Added Member To Class: ClassName=JDQV1.1 Member=Component F4 2A
Added Member To Class: ClassName=JDQV1.1 Member=Component F5 2A
Added Member To Class: ClassName=JDQV1.1 Member=Component F6 2A
Added Member To Class: ClassName=JDQV1.1 Member=Component F7 2A
Added Member To Class: ClassName=JDQV1.1 Member=Component F8 2A
Added Member To Class: ClassName=JDQV1.1 Member=Component F9 2A
Added Member To Class: ClassName=JDQV1.1 Member=Component F10 2A
Added Member To Class: ClassName=JDQV1.1 Member=Component F12 2A
Added Member To Class: ClassName=JDQV1.1 Member=Component IC1 74HC595
Added Member To Class: ClassName=JDQV1.1 Member=Component IC2 74HC595
Added Member To Class: ClassName=JDQV1.1 Member=Component IC3 74HC595
Added Member To Class: ClassName=DNJLV1.1 Member=Component IC4 CD4067BM96
Added Member To Class: ClassName=JDQV1.1 Member=Component JK1 HF
Added Member To Class: ClassName=JDQV1.1 Member=Component JK2 HF
Added Member To Class: ClassName=JDQV1.1 Member=Component JK3 HF
Added Member To Class: ClassName=JDQV1.1 Member=Component JK4 HF
Added Member To Class: ClassName=JDQV1.1 Member=Component JK5 HF
Added Member To Class: ClassName=JDQV1.1 Member=Component JK6 HF
Added Member To Class: ClassName=JDQV1.1 Member=Component JK7 HF
Added Member To Class: ClassName=JDQV1.1 Member=Component JK8 HF
Added Member To Class: ClassName=JDQV1.1 Member=Component JK9 HF
Added Member To Class: ClassName=JDQV1.1 Member=Component JK10 HF
Added Member To Class: ClassName=JDQV1.1 Member=Component JK11 HF
Added Member To Class: ClassName=connectV1.1 Member=Component JP1 Header 6X2
Added Member To Class: ClassName=connectV1.1 Member=Component JP2 HDR-1X4
Added Member To Class: ClassName=DNJLV1.1 Member=Component MŁż1 HLK-PM03
Added Member To Class: ClassName=DNJLV1.1 Member=Component R1 100R
Added Member To Class: ClassName=DNJLV1.1 Member=Component R2 100R
Added Member To Class: ClassName=DNJLV1.1 Member=Component R3 100R
Added Member To Class: ClassName=DNJLV1.1 Member=Component R4 100R
Added Member To Class: ClassName=DNJLV1.1 Member=Component R5 5mR
Added Member To Class: ClassName=DNJLV1.1 Member=Component R6 5mR
Added Member To Class: ClassName=DNJLV1.1 Member=Component R7 5mR
Added Member To Class: ClassName=DNJLV1.1 Member=Component R8 5mR
Added Member To Class: ClassName=DNJLV1.1 Member=Component R9 100R
Added Member To Class: ClassName=DNJLV1.1 Member=Component R10 100R
Added Member To Class: ClassName=DNJLV1.1 Member=Component R11 100R
Added Member To Class: ClassName=DNJLV1.1 Member=Component R12 100R
Added Member To Class: ClassName=DNJLV1.1 Member=Component R13 2K
Added Member To Class: ClassName=DNJLV1.1 Member=Component R14 2K
Added Member To Class: ClassName=DNJLV1.1 Member=Component R15 2K
Added Member To Class: ClassName=DNJLV1.1 Member=Component R16 2K
Added Member To Class: ClassName=DNJLV1.1 Member=Component R17 1K
Added Member To Class: ClassName=DNJLV1.1 Member=Component R18 1K
Added Member To Class: ClassName=DNJLV1.1 Member=Component R19 1K
Added Member To Class: ClassName=DNJLV1.1 Member=Component R20 1K
Added Member To Class: ClassName=DNJLV1.1 Member=Component R21 200K
Added Member To Class: ClassName=DNJLV1.1 Member=Component R22 200K
Added Member To Class: ClassName=DNJLV1.1 Member=Component R23 200K
Added Member To Class: ClassName=DNJLV1.1 Member=Component R24 200K
Added Member To Class: ClassName=DNJLV1.1 Member=Component R25 200K
Added Member To Class: ClassName=DNJLV1.1 Member=Component R27 2K
Added Member To Class: ClassName=DNJLV1.1 Member=Component R28 2K
Added Member To Class: ClassName=DNJLV1.1 Member=Component R29 2K
Added Member To Class: ClassName=DNJLV1.1 Member=Component R30 1K
Added Member To Class: ClassName=DNJLV1.1 Member=Component R31 1K
Added Member To Class: ClassName=DNJLV1.1 Member=Component R32 1K
Added Member To Class: ClassName=DNJLV1.1 Member=Component R33 1K
Added Member To Class: ClassName=DNJLV1.1 Member=Component R34 1K
Added Member To Class: ClassName=DNJLV1.1 Member=Component R35 100R
Added Member To Class: ClassName=DNJLV1.1 Member=Component R36 100R
Added Member To Class: ClassName=DNJLV1.1 Member=Component R37 100R
Added Member To Class: ClassName=DNJLV1.1 Member=Component R38 100R
Added Member To Class: ClassName=DNJLV1.1 Member=Component R39 5mR
Added Member To Class: ClassName=DNJLV1.1 Member=Component R40 5mR
Added Member To Class: ClassName=DNJLV1.1 Member=Component R41 5mR
Added Member To Class: ClassName=DNJLV1.1 Member=Component R42 5mR
Added Member To Class: ClassName=DNJLV1.1 Member=Component R43 100R
Added Member To Class: ClassName=DNJLV1.1 Member=Component R44 100R
Added Member To Class: ClassName=DNJLV1.1 Member=Component R45 100R
Added Member To Class: ClassName=DNJLV1.1 Member=Component R46 100R
Added Member To Class: ClassName=DNJLV1.1 Member=Component R47 2K
Added Member To Class: ClassName=DNJLV1.1 Member=Component R48 2K
Added Member To Class: ClassName=DNJLV1.1 Member=Component R49 2K
Added Member To Class: ClassName=DNJLV1.1 Member=Component R50 2K
Added Member To Class: ClassName=DNJLV1.1 Member=Component R51 1K
Added Member To Class: ClassName=DNJLV1.1 Member=Component R52 1K
Added Member To Class: ClassName=DNJLV1.1 Member=Component R53 1K
Added Member To Class: ClassName=DNJLV1.1 Member=Component R54 1K
Added Member To Class: ClassName=DNJLV1.1 Member=Component R55 200K
Added Member To Class: ClassName=DNJLV1.1 Member=Component R56 200K
Added Member To Class: ClassName=DNJLV1.1 Member=Component R57 200K
Added Member To Class: ClassName=DNJLV1.1 Member=Component R58 200K
Added Member To Class: ClassName=DNJLV1.1 Member=Component R59 200K
Added Member To Class: ClassName=DNJLV1.1 Member=Component R60 2K
Added Member To Class: ClassName=DNJLV1.1 Member=Component R61 2K
Added Member To Class: ClassName=DNJLV1.1 Member=Component R62 2K
Added Member To Class: ClassName=DNJLV1.1 Member=Component R63 2K
Added Member To Class: ClassName=DNJLV1.1 Member=Component R64 1K
Added Member To Class: ClassName=DNJLV1.1 Member=Component R65 1K
Added Member To Class: ClassName=DNJLV1.1 Member=Component R66 1K
Added Member To Class: ClassName=DNJLV1.1 Member=Component R67 1K
Added Member To Class: ClassName=DNJLV1.1 Member=Component R68 1K
Added Member To Class: ClassName=DNJLV1.1 Member=Component R69 100R
Added Member To Class: ClassName=DNJLV1.1 Member=Component R70 100R
Added Member To Class: ClassName=DNJLV1.1 Member=Component R71 100R
Added Member To Class: ClassName=DNJLV1.1 Member=Component R72 100R
Added Member To Class: ClassName=DNJLV1.1 Member=Component R73 5mR
Added Member To Class: ClassName=DNJLV1.1 Member=Component R74 5mR
Added Member To Class: ClassName=DNJLV1.1 Member=Component R75 5mR
Added Member To Class: ClassName=DNJLV1.1 Member=Component R76 5mR
Added Member To Class: ClassName=DNJLV1.1 Member=Component R77 100R
Added Member To Class: ClassName=DNJLV1.1 Member=Component R78 100R
Added Member To Class: ClassName=DNJLV1.1 Member=Component R79 100R
Added Member To Class: ClassName=DNJLV1.1 Member=Component R80 100R
Added Member To Class: ClassName=DNJLV1.1 Member=Component R81 2K
Added Member To Class: ClassName=DNJLV1.1 Member=Component R82 2K
Added Member To Class: ClassName=DNJLV1.1 Member=Component R83 2K
Added Member To Class: ClassName=DNJLV1.1 Member=Component R84 2K
Added Member To Class: ClassName=DNJLV1.1 Member=Component R85 1K
Added Member To Class: ClassName=DNJLV1.1 Member=Component R86 1K
Added Member To Class: ClassName=DNJLV1.1 Member=Component R87 1K
Added Member To Class: ClassName=DNJLV1.1 Member=Component R88 1K
Added Member To Class: ClassName=DNJLV1.1 Member=Component R89 200K
Added Member To Class: ClassName=DNJLV1.1 Member=Component R90 200K
Added Member To Class: ClassName=DNJLV1.1 Member=Component R91 200K
Added Member To Class: ClassName=DNJLV1.1 Member=Component R92 200K
Added Member To Class: ClassName=DNJLV1.1 Member=Component R93 200K
Added Member To Class: ClassName=DNJLV1.1 Member=Component R94 2K
Added Member To Class: ClassName=DNJLV1.1 Member=Component R95 2K
Added Member To Class: ClassName=DNJLV1.1 Member=Component R96 2K
Added Member To Class: ClassName=DNJLV1.1 Member=Component R97 2K
Added Member To Class: ClassName=DNJLV1.1 Member=Component R98 1K
Added Member To Class: ClassName=DNJLV1.1 Member=Component R99 1K
Added Member To Class: ClassName=DNJLV1.1 Member=Component R100 1K
Added Member To Class: ClassName=DNJLV1.1 Member=Component R101 1K
Added Member To Class: ClassName=DNJLV1.1 Member=Component R102 1K
Added Member To Class: ClassName=JDQV1.1 Member=Component U1 ULN2003
Added Member To Class: ClassName=JDQV1.1 Member=Component U2 ULN2003
Added Member To Class: ClassName=JDQV1.1 Member=Component U3 ULN2003
Added Member To Class: ClassName=JDQV1.1 Member=Component U4 ULN2003
Added Member To Class: ClassName=DNJLV1.1 Member=Component U5 HLW8110
Added Member To Class: ClassName=DNJLV1.1 Member=Component U6 HLW8110
Added Member To Class: ClassName=DNJLV1.1 Member=Component U7 HLW8110
Added Member To Class: ClassName=DNJLV1.1 Member=Component U8 HLW8110
Added Member To Class: ClassName=DNJLV1.1 Member=Component U9 PC817
Added Member To Class: ClassName=DNJLV1.1 Member=Component U10 PC817
Added Member To Class: ClassName=DNJLV1.1 Member=Component U11 PC817
Added Member To Class: ClassName=DNJLV1.1 Member=Component U12 PC817
Added Member To Class: ClassName=DNJLV1.1 Member=Component U13 PC817
Added Member To Class: ClassName=DNJLV1.1 Member=Component U14 PC817
Added Member To Class: ClassName=DNJLV1.1 Member=Component U15 PC817
Added Member To Class: ClassName=DNJLV1.1 Member=Component U16 PC817
Added Member To Class: ClassName=DNJLV1.1 Member=Component U17 HLW8110
Added Member To Class: ClassName=DNJLV1.1 Member=Component U18 HLW8110
Added Member To Class: ClassName=DNJLV1.1 Member=Component U19 HLW8110
Added Member To Class: ClassName=DNJLV1.1 Member=Component U20 HLW8110
Added Member To Class: ClassName=DNJLV1.1 Member=Component U21 PC817
Added Member To Class: ClassName=DNJLV1.1 Member=Component U22 PC817
Added Member To Class: ClassName=DNJLV1.1 Member=Component U23 PC817
Added Member To Class: ClassName=DNJLV1.1 Member=Component U24 PC817
Added Member To Class: ClassName=DNJLV1.1 Member=Component U25 PC817
Added Member To Class: ClassName=DNJLV1.1 Member=Component U26 PC817
Added Member To Class: ClassName=DNJLV1.1 Member=Component U27 PC817
Added Member To Class: ClassName=DNJLV1.1 Member=Component U29 HLW8110
Added Member To Class: ClassName=DNJLV1.1 Member=Component U30 HLW8110
Added Member To Class: ClassName=DNJLV1.1 Member=Component U31 HLW8110
Added Member To Class: ClassName=DNJLV1.1 Member=Component U32 HLW8110
Added Member To Class: ClassName=DNJLV1.1 Member=Component U33 PC817
Added Member To Class: ClassName=DNJLV1.1 Member=Component U34 PC817
Added Member To Class: ClassName=DNJLV1.1 Member=Component U35 PC817
Added Member To Class: ClassName=DNJLV1.1 Member=Component U36 PC817
Added Member To Class: ClassName=DNJLV1.1 Member=Component U37 PC817
Added Member To Class: ClassName=DNJLV1.1 Member=Component U38 PC817
Added Member To Class: ClassName=DNJLV1.1 Member=Component U39 PC817
Added Member To Class: ClassName=DNJLV1.1 Member=Component U40 PC817
