Removed Pin From Net: NetName=JDQ4_1 Pin=U1-1
Removed Pin From Net: NetName=JDQ3_2 Pin=U1-2
Removed Pin From Net: NetName=JDQ3_1 Pin=U1-3
Removed Pin From Net: NetName=JDQ2_2 Pin=U1-4
Removed Pin From Net: NetName=JDQ2_1 Pin=U1-5
Removed Pin From Net: NetName=JDQ1_2 Pin=U1-6
Removed Pin From Net: NetName=JDQ1_1 Pin=U1-7
Removed Pin From Net: NetName=JDQ1_1out Pin=U1-10
Removed Pin From Net: NetName=JDQ1_2out Pin=U1-11
Removed Pin From Net: NetName=JDQ2_1out Pin=U1-12
Removed Pin From Net: NetName=JDQ2_2out Pin=U1-13
Removed Pin From Net: NetName=JDQ3_1out Pin=U1-14
Removed Pin From Net: NetName=JDQ3_2out Pin=U1-15
Removed Pin From Net: NetName=JDQ4_1out Pin=U1-16
Removed Pin From Net: NetName=JDQ4_2 Pin=U2-1
Removed Pin From Net: NetName=JDQ4_2out Pin=U2-16
Added Pin To Net: NetName=JDQ4_2 Pin=U1-1
Added Pin To Net: NetName=JDQ4_1 Pin=U1-2
Added Pin To Net: NetName=JDQ3_2 Pin=U1-3
Added Pin To Net: NetName=JDQ3_1 Pin=U1-4
Added Pin To Net: NetName=JDQ2_2 Pin=U1-5
Added Pin To Net: NetName=JDQ2_1 Pin=U1-6
Added Pin To Net: NetName=JDQ1_2 Pin=U1-7
Added Pin To Net: NetName=JDQ1_2out Pin=U1-10
Added Pin To Net: NetName=JDQ2_1out Pin=U1-11
Added Pin To Net: NetName=JDQ2_2out Pin=U1-12
Added Pin To Net: NetName=JDQ3_1out Pin=U1-13
Added Pin To Net: NetName=JDQ3_2out Pin=U1-14
Added Pin To Net: NetName=JDQ4_1out Pin=U1-15
Added Pin To Net: NetName=JDQ4_2out Pin=U1-16
Added Pin To Net: NetName=JDQ1_1 Pin=U2-1
Added Pin To Net: NetName=JDQ1_1out Pin=U2-16
Added Member To Class: ClassName=connectV1.1 Member=Component JP? HDR-1X4
Added Member To Class: ClassName=connectV1.1 Member=Component JP? HDR-1X4
Added Member To Class: ClassName=connectV1.1 Member=Component JP? HDR-1X2
