Removed Pin From Net: NetName=L_IN_1 Pin=F1-1
Removed Pin From Net: NetName=L1_GND Pin=F1-2
Removed Pin From Net: NetName=L_IN_2 Pin=F2-1
Removed Pin From Net: NetName=L2_GND Pin=F2-2
Removed Pin From Net: NetName=L_IN_3 Pin=F3-1
Removed Pin From Net: NetName=L3_GND Pin=F3-2
Removed Pin From Net: NetName=L_IN_2 Pin=MŁż1-1
Removed Pin From Net: NetName=L_IN_2 Pin=MŁż1-3
Removed Pin From Net: NetName=L_IN_3 Pin=MŁż2-1
Removed Pin From Net: NetName=L_IN_3 Pin=MŁż2-3
Removed Pin From Net: NetName=L_IN_1 Pin=MŁż3-1
Removed Pin From Net: NetName=L_IN_1 Pin=MŁż3-3
Added Pin To Net: NetName=L1_GND Pin=F1-1
Added Pin To Net: NetName=L_IN_1 Pin=F1-2
Added Pin To Net: NetName=L2_GND Pin=F2-1
Added Pin To Net: NetName=L_IN_2 Pin=F2-2
Added Pin To Net: NetName=L3_GND Pin=F3-1
Added Pin To Net: NetName=L_IN_3 Pin=F3-2
Added Pin To Net: NetName=L2_GND Pin=MŁż1-1
Added Pin To Net: NetName=L2_GND Pin=MŁż1-3
Added Pin To Net: NetName=L3_GND Pin=MŁż2-1
Added Pin To Net: NetName=L3_GND Pin=MŁż2-3
Added Pin To Net: NetName=L1_GND Pin=MŁż3-1
Added Pin To Net: NetName=L1_GND Pin=MŁż3-3
