Removed Pin From Net: NetName=L1_1 Pin=F1-1
Removed Pin From Net: NetName=L1_2 Pin=F2-1
Removed Pin From Net: NetName=L1_3 Pin=F3-1
Removed Pin From Net: NetName=L1_4 Pin=F4-1
Removed Pin From Net: NetName=L2_1 Pin=F5-1
Removed Pin From Net: NetName=L2_2 Pin=F6-1
Removed Pin From Net: NetName=L2_3 Pin=F7-1
Removed Pin From Net: NetName=L2_4 Pin=F8-1
Removed Pin From Net: NetName=L3_1 Pin=F9-1
Removed Pin From Net: NetName=L3_2 Pin=F10-1
Removed Pin From Net: NetName=L3_3 Pin=F11-1
Removed Pin From Net: NetName=L3_4 Pin=F12-1
Removed Pin From Net: NetName=NetF1_2 Pin=JK1-4
Removed Pin From Net: NetName=NetF2_2 Pin=JK2-4
Removed Pin From Net: NetName=NetF3_2 Pin=JK3-4
Removed Pin From Net: NetName=L2_GND Pin=M？1-1
Removed Pin From Net: NetName=L2_GND Pin=M？1-3
Removed Pin From Net: NetName=L3_GND Pin=M？2-1
Removed Pin From Net: NetName=L3_GND Pin=M？2-3
Removed Pin From Net: NetName=L1_GND Pin=M？3-1
Removed Pin From Net: NetName=L1_GND Pin=M？3-3
Removed Member From Class: ClassName=JDQV1.1 Member=F1
Removed Member From Class: ClassName=JDQV1.1 Member=F2
Removed Member From Class: ClassName=JDQV1.1 Member=F3
Removed Member From Class: ClassName=JDQV1.1 Member=F4
Removed Member From Class: ClassName=JDQV1.1 Member=F5
Removed Member From Class: ClassName=JDQV1.1 Member=F6
Removed Member From Class: ClassName=JDQV1.1 Member=F7
Removed Member From Class: ClassName=JDQV1.1 Member=F8
Removed Member From Class: ClassName=JDQV1.1 Member=F9
Removed Member From Class: ClassName=JDQV1.1 Member=F10
Removed Member From Class: ClassName=JDQV1.1 Member=F11
Removed Member From Class: ClassName=JDQV1.1 Member=F12
Change component parameters: Designator = "C57" ("C57"); Footprint = "CAP 2.5*5*11 - GD"; UniqueID = "\ZQIQCRQY" ("\ZQIQCRQY")
Change component parameters (AddParameter): Name = "LatestRevisionDate"; Value = "17-Jul-2002"; VariantName = "[No Variations]"
Change component parameters (AddParameter): Name = "LatestRevisionNote"; Value = "Re-released for DXP Platform."; VariantName = "[No Variations]"
Change component parameters (AddParameter): Name = "PackageDescription"; Value = "Polarized Capacitor (Radial); 2 Leads"; VariantName = "[No Variations]"
Change component parameters (AddParameter): Name = "PackageReference"; Value = "RB7.6-15"; VariantName = "[No Variations]"
Change component parameters (AddParameter): Name = "Published"; Value = "8-Jun-2000"; VariantName = "[No Variations]"
Change component parameters (AddParameter): Name = "Publisher"; Value = "Altium Limited"; VariantName = "[No Variations]"
Change component parameters (AddParameter): Name = "Value"; Value = "100pF"; VariantName = "[No Variations]"
Change component parameters: Designator = "F1" ("F1"); Footprint = "PPTC"; UniqueID = "\WKWIVMIR" ("\WKWIVMIR")
Change component parameters (AddParameter): Name = "BOM츰냔"; Value = "5*20괏麴介"; VariantName = "[No Variations]"
Change component parameters (AddParameter): Name = "欺構栗都"; Value = "www.ooocke.com"; VariantName = "[No Variations]"
Change component parameters (AddParameter): Name = "경홈백橄"; Value = "都눼와"; VariantName = "[No Variations]"
Change component parameters: Designator = "F2" ("F2"); Footprint = "PPTC"; UniqueID = "\VCEUTTOU" ("\VCEUTTOU")
Change component parameters (AddParameter): Name = "BOM츰냔"; Value = "5*20괏麴介"; VariantName = "[No Variations]"
Change component parameters (AddParameter): Name = "欺構栗都"; Value = "www.ooocke.com"; VariantName = "[No Variations]"
Change component parameters (AddParameter): Name = "경홈백橄"; Value = "都눼와"; VariantName = "[No Variations]"
Change component parameters: Designator = "F3" ("F3"); Footprint = "PPTC"; UniqueID = "\GNFZVJHP" ("\GNFZVJHP")
Change component parameters (AddParameter): Name = "BOM츰냔"; Value = "5*20괏麴介"; VariantName = "[No Variations]"
Change component parameters (AddParameter): Name = "欺構栗都"; Value = "www.ooocke.com"; VariantName = "[No Variations]"
Change component parameters (AddParameter): Name = "경홈백橄"; Value = "都눼와"; VariantName = "[No Variations]"
Added Pin To Net: NetName=L1_1 Pin=JK1-4
Added Pin To Net: NetName=L1_2 Pin=JK2-4
Added Pin To Net: NetName=L1_3 Pin=JK3-4
Added Pin To Net: NetName=L1_4 Pin=JK4-4
Added Pin To Net: NetName=L2_1 Pin=JK5-4
Added Pin To Net: NetName=L2_2 Pin=JK6-4
Added Pin To Net: NetName=L2_3 Pin=JK7-4
Added Pin To Net: NetName=L2_4 Pin=JK8-4
Added Pin To Net: NetName=L3_1 Pin=JK9-4
Added Pin To Net: NetName=L3_2 Pin=JK10-4
Added Pin To Net: NetName=L3_3 Pin=JK11-4
Added Pin To Net: NetName=L3_4 Pin=JK12-4
Added Pin To Net: NetName=NetF2_2 Pin=M？1-1
Added Pin To Net: NetName=NetF2_2 Pin=M？1-3
Added Pin To Net: NetName=NetF3_2 Pin=M？2-1
Added Pin To Net: NetName=NetF3_2 Pin=M？2-3
Added Pin To Net: NetName=NetF1_2 Pin=M？3-1
Added Pin To Net: NetName=NetF1_2 Pin=M？3-3
Change Net Name : Old Net Name=NetIC1_11 New Net Name=Net_7
Change Net Name : Old Net Name=NetIC1_12 New Net Name=Net_9
Change Net Name : Old Net Name=NetIC3_14 New Net Name=Net_11
Added Member To Class: ClassName=connectV1.1 Member=Component * M3
Added Member To Class: ClassName=DNJLV1.1 Member=Component F1 2A
Added Member To Class: ClassName=DNJLV1.1 Member=Component F2 2A
Added Member To Class: ClassName=DNJLV1.1 Member=Component F3 2A
Added Member To Class: ClassName=connectV1.1 Member=Component L_IN HDR-1X4
Added Member To Class: ClassName=connectV1.1 Member=Component N_IN HDR-1X2
Added Member To Class: ClassName=connectV1.1 Member=Component  M3
Added Member To Class: ClassName=connectV1.1 Member=Component  Header 6X2
Added Member To Class: ClassName=connectV1.1 Member=Component  M3
Added Member To Class: ClassName=connectV1.1 Member=Component  M3
Added Member To Class: ClassName=connectV1.1 Member=Component  Component_2
Added Room: Name=connectV1.1
Added Room: Name=DNJLV1.1
Added Room: Name=JDQV1.1
