Added Component: Designator=*(M3 125X200)
Add component (AddParameter): Name = "BOMร๛ณฦ"; Value = "อญึ๙ฟื"; VariantName = "[No Variations]"
Add component (AddParameter): Name = "ังฯฐืสิด"; Value = "www.ooocke.com"; VariantName = "[No Variations]"
Add component (AddParameter): Name = "ฐๆศจน้ส๔"; Value = "ิดดดฟอ"; VariantName = "[No Variations]"
Added Component: Designator=*(M3 125X200)
Add component (AddParameter): Name = "BOMร๛ณฦ"; Value = "อญึ๙ฟื"; VariantName = "[No Variations]"
Add component (AddParameter): Name = "ังฯฐืสิด"; Value = "www.ooocke.com"; VariantName = "[No Variations]"
Add component (AddParameter): Name = "ฐๆศจน้ส๔"; Value = "ิดดดฟอ"; VariantName = "[No Variations]"
Added Component: Designator=*(M3 125X200)
Add component (AddParameter): Name = "BOMร๛ณฦ"; Value = "อญึ๙ฟื"; VariantName = "[No Variations]"
Add component (AddParameter): Name = "ังฯฐืสิด"; Value = "www.ooocke.com"; VariantName = "[No Variations]"
Add component (AddParameter): Name = "ฐๆศจน้ส๔"; Value = "ิดดดฟอ"; VariantName = "[No Variations]"
Added Component: Designator=*(M3 125X200)
Add component (AddParameter): Name = "BOMร๛ณฦ"; Value = "อญึ๙ฟื"; VariantName = "[No Variations]"
Add component (AddParameter): Name = "ังฯฐืสิด"; Value = "www.ooocke.com"; VariantName = "[No Variations]"
Add component (AddParameter): Name = "ฐๆศจน้ส๔"; Value = "ิดดดฟอ"; VariantName = "[No Variations]"
Added Member To Class: ClassName=connectV1.1 Member=Component * M3
Added Member To Class: ClassName=connectV1.1 Member=Component * M3
Added Member To Class: ClassName=connectV1.1 Member=Component * M3
Added Member To Class: ClassName=connectV1.1 Member=Component * M3
Added Member To Class: ClassName=connectV1.1 Member=Component JP? HDR-1X2
Added Member To Class: ClassName=connectV1.1 Member=Component JP? HDR-1X4
Added Member To Class: ClassName=connectV1.1 Member=Component JP? HDR-1X4
