Added Member To Class: ClassName=connectV1.1 Member=Component C? 104
Added Member To Class: ClassName=DNJLV1.1 Member=Component C? 330nF
Added Member To Class: ClassName=DNJLV1.1 Member=Component C? 0.1uF
Added Member To Class: ClassName=DNJLV1.1 Member=Component C? 330nF
Added Member To Class: ClassName=DNJLV1.1 Member=Component C? 0.1uF
Added Member To Class: ClassName=DNJLV1.1 Member=Component C? 0.1uF
Added Member To Class: ClassName=DNJLV1.1 Member=Component C? 330nF
Added Member To Class: ClassName=DNJLV1.1 Member=Component C? 330nF
Added Member To Class: ClassName=DNJLV1.1 Member=Component C? 0.1uF
Added Member To Class: ClassName=DNJLV1.1 Member=Component C? 330nF
Added Member To Class: ClassName=DNJLV1.1 Member=Component C? 330nF
Added Member To Class: ClassName=DNJLV1.1 Member=Component C? 0.1uF
Added Member To Class: ClassName=DNJLV1.1 Member=Component C? 330nF
Added Member To Class: ClassName=DNJLV1.1 Member=Component C? 0.1uF
Added Member To Class: ClassName=DNJLV1.1 Member=Component C? 0.1uF
Added Member To Class: ClassName=DNJLV1.1 Member=Component C? 330nF
Added Member To Class: ClassName=DNJLV1.1 Member=Component C? 330nF
Added Member To Class: ClassName=DNJLV1.1 Member=Component C? 0.1uF
Added Member To Class: ClassName=DNJLV1.1 Member=Component C? 0.1uF
Added Member To Class: ClassName=DNJLV1.1 Member=Component C? 0.1uF
Added Member To Class: ClassName=DNJLV1.1 Member=Component C? 330nF
Added Member To Class: ClassName=DNJLV1.1 Member=Component C? 0.1uF
Added Member To Class: ClassName=DNJLV1.1 Member=Component C? 330nF
Added Member To Class: ClassName=DNJLV1.1 Member=Component C? 0.1uF
Added Member To Class: ClassName=DNJLV1.1 Member=Component C? 0.1uF
Added Member To Class: ClassName=DNJLV1.1 Member=Component C? 0.1uF
Added Member To Class: ClassName=DNJLV1.1 Member=Component C? 0.1uF
Added Member To Class: ClassName=DNJLV1.1 Member=Component C? 0.1uF
Added Member To Class: ClassName=DNJLV1.1 Member=Component C? 330nF
Added Member To Class: ClassName=DNJLV1.1 Member=Component C? 330nF
Added Member To Class: ClassName=DNJLV1.1 Member=Component C? 330nF
Added Member To Class: ClassName=DNJLV1.1 Member=Component C? 330nF
Added Member To Class: ClassName=DNJLV1.1 Member=Component C? 33nF
Added Member To Class: ClassName=DNJLV1.1 Member=Component C? 330nF
Added Member To Class: ClassName=DNJLV1.1 Member=Component C? 0.1uF
Added Member To Class: ClassName=DNJLV1.1 Member=Component C? 0.1uF
Added Member To Class: ClassName=DNJLV1.1 Member=Component C? 330nF
Added Member To Class: ClassName=DNJLV1.1 Member=Component C? 330nF
Added Member To Class: ClassName=DNJLV1.1 Member=Component C? 330nF
Added Member To Class: ClassName=DNJLV1.1 Member=Component C? 0.1uF
Added Member To Class: ClassName=DNJLV1.1 Member=Component C? 330nF
Added Member To Class: ClassName=DNJLV1.1 Member=Component C? 330nF
Added Member To Class: ClassName=DNJLV1.1 Member=Component C? 330nF
Added Member To Class: ClassName=DNJLV1.1 Member=Component C? 0.1uF
Added Member To Class: ClassName=DNJLV1.1 Member=Component C? 330nF
Added Member To Class: ClassName=DNJLV1.1 Member=Component C? 0.1uF
Added Member To Class: ClassName=DNJLV1.1 Member=Component C? 330nF
Added Member To Class: ClassName=DNJLV1.1 Member=Component C? 0.1uF
Added Member To Class: ClassName=DNJLV1.1 Member=Component C? 0.1uF
Added Member To Class: ClassName=DNJLV1.1 Member=Component C? 0.1uF
Added Member To Class: ClassName=DNJLV1.1 Member=Component C? 33nF
Added Member To Class: ClassName=connectV1.1 Member=Component E? 47uF/10V
Added Member To Class: ClassName=JDQV1.1 Member=Component F? 2A
Added Member To Class: ClassName=JDQV1.1 Member=Component F? 2A
Added Member To Class: ClassName=JDQV1.1 Member=Component F? 2A
Added Member To Class: ClassName=JDQV1.1 Member=Component F? 2A
Added Member To Class: ClassName=JDQV1.1 Member=Component F? 2A
Added Member To Class: ClassName=JDQV1.1 Member=Component F? 2A
Added Member To Class: ClassName=JDQV1.1 Member=Component F? 2A
Added Member To Class: ClassName=JDQV1.1 Member=Component F? 2A
Added Member To Class: ClassName=JDQV1.1 Member=Component F? 2A
Added Member To Class: ClassName=JDQV1.1 Member=Component F? 2A
Added Member To Class: ClassName=JDQV1.1 Member=Component F? 2A
Added Member To Class: ClassName=DNJLV1.1 Member=Component IC? CD4067BM96
Added Member To Class: ClassName=JDQV1.1 Member=Component IC? 74HC595
Added Member To Class: ClassName=JDQV1.1 Member=Component IC? 74HC595
Added Member To Class: ClassName=JDQV1.1 Member=Component JK? HF
Added Member To Class: ClassName=JDQV1.1 Member=Component JK? HF
Added Member To Class: ClassName=JDQV1.1 Member=Component JK? HF
Added Member To Class: ClassName=JDQV1.1 Member=Component JK? HF
Added Member To Class: ClassName=JDQV1.1 Member=Component JK? HF
Added Member To Class: ClassName=JDQV1.1 Member=Component JK? HF
Added Member To Class: ClassName=JDQV1.1 Member=Component JK? HF
Added Member To Class: ClassName=JDQV1.1 Member=Component JK? HF
Added Member To Class: ClassName=JDQV1.1 Member=Component JK? HF
Added Member To Class: ClassName=JDQV1.1 Member=Component JK? HF
Added Member To Class: ClassName=JDQV1.1 Member=Component JK? HF
Added Member To Class: ClassName=connectV1.1 Member=Component JP? HDR-1X4
Added Member To Class: ClassName=connectV1.1 Member=Component JP? HDR-1X2
Added Member To Class: ClassName=DNJLV1.1 Member=Component MŁż? HLK-PM03
Added Member To Class: ClassName=DNJLV1.1 Member=Component R? 1K
Added Member To Class: ClassName=DNJLV1.1 Member=Component R? 100R
Added Member To Class: ClassName=DNJLV1.1 Member=Component R? 2K
Added Member To Class: ClassName=DNJLV1.1 Member=Component R? 1K
Added Member To Class: ClassName=DNJLV1.1 Member=Component R? 100R
Added Member To Class: ClassName=DNJLV1.1 Member=Component R? 200K
Added Member To Class: ClassName=DNJLV1.1 Member=Component R? 1K
Added Member To Class: ClassName=DNJLV1.1 Member=Component R? 2K
Added Member To Class: ClassName=DNJLV1.1 Member=Component R? 2K
Added Member To Class: ClassName=DNJLV1.1 Member=Component R? 1K
Added Member To Class: ClassName=DNJLV1.1 Member=Component R? 100R
Added Member To Class: ClassName=DNJLV1.1 Member=Component R? 2K
Added Member To Class: ClassName=DNJLV1.1 Member=Component R? 100R
Added Member To Class: ClassName=DNJLV1.1 Member=Component R? 1K
Added Member To Class: ClassName=DNJLV1.1 Member=Component R? 5mR
Added Member To Class: ClassName=DNJLV1.1 Member=Component R? 100R
Added Member To Class: ClassName=DNJLV1.1 Member=Component R? 2K
Added Member To Class: ClassName=DNJLV1.1 Member=Component R? 1K
Added Member To Class: ClassName=DNJLV1.1 Member=Component R? 2K
Added Member To Class: ClassName=DNJLV1.1 Member=Component R? 200K
Added Member To Class: ClassName=DNJLV1.1 Member=Component R? 2K
Added Member To Class: ClassName=DNJLV1.1 Member=Component R? 100R
Added Member To Class: ClassName=DNJLV1.1 Member=Component R? 5mR
Added Member To Class: ClassName=DNJLV1.1 Member=Component R? 2K
Added Member To Class: ClassName=DNJLV1.1 Member=Component R? 2K
Added Member To Class: ClassName=DNJLV1.1 Member=Component R? 1K
Added Member To Class: ClassName=DNJLV1.1 Member=Component R? 2K
Added Member To Class: ClassName=DNJLV1.1 Member=Component R? 1K
Added Member To Class: ClassName=DNJLV1.1 Member=Component R? 100R
Added Member To Class: ClassName=DNJLV1.1 Member=Component R? 100R
Added Member To Class: ClassName=DNJLV1.1 Member=Component R? 5mR
Added Member To Class: ClassName=DNJLV1.1 Member=Component R? 5mR
Added Member To Class: ClassName=DNJLV1.1 Member=Component R? 2K
Added Member To Class: ClassName=DNJLV1.1 Member=Component R? 200K
Added Member To Class: ClassName=DNJLV1.1 Member=Component R? 2K
Added Member To Class: ClassName=DNJLV1.1 Member=Component R? 100R
Added Member To Class: ClassName=DNJLV1.1 Member=Component R? 100R
Added Member To Class: ClassName=DNJLV1.1 Member=Component R? 100R
Added Member To Class: ClassName=DNJLV1.1 Member=Component R? 5mR
Added Member To Class: ClassName=DNJLV1.1 Member=Component R? 1K
Added Member To Class: ClassName=DNJLV1.1 Member=Component R? 2K
Added Member To Class: ClassName=DNJLV1.1 Member=Component R? 1K
Added Member To Class: ClassName=DNJLV1.1 Member=Component R? 1K
Added Member To Class: ClassName=DNJLV1.1 Member=Component R? 1K
Added Member To Class: ClassName=DNJLV1.1 Member=Component R? 100R
Added Member To Class: ClassName=DNJLV1.1 Member=Component R? 100R
Added Member To Class: ClassName=DNJLV1.1 Member=Component R? 100R
Added Member To Class: ClassName=DNJLV1.1 Member=Component R? 5mR
Added Member To Class: ClassName=DNJLV1.1 Member=Component R? 1K
Added Member To Class: ClassName=DNJLV1.1 Member=Component R? 200K
Added Member To Class: ClassName=DNJLV1.1 Member=Component R? 2K
Added Member To Class: ClassName=DNJLV1.1 Member=Component R? 100R
Added Member To Class: ClassName=DNJLV1.1 Member=Component R? 5mR
Added Member To Class: ClassName=DNJLV1.1 Member=Component R? 1K
Added Member To Class: ClassName=DNJLV1.1 Member=Component R? 1K
Added Member To Class: ClassName=DNJLV1.1 Member=Component R? 1K
Added Member To Class: ClassName=DNJLV1.1 Member=Component R? 200K
Added Member To Class: ClassName=DNJLV1.1 Member=Component R? 2K
Added Member To Class: ClassName=DNJLV1.1 Member=Component R? 1K
Added Member To Class: ClassName=DNJLV1.1 Member=Component R? 100R
Added Member To Class: ClassName=DNJLV1.1 Member=Component R? 200K
Added Member To Class: ClassName=DNJLV1.1 Member=Component R? 200K
Added Member To Class: ClassName=DNJLV1.1 Member=Component R? 5mR
Added Member To Class: ClassName=DNJLV1.1 Member=Component R? 100R
Added Member To Class: ClassName=DNJLV1.1 Member=Component R? 2K
Added Member To Class: ClassName=DNJLV1.1 Member=Component R? 100R
Added Member To Class: ClassName=DNJLV1.1 Member=Component R? 2K
Added Member To Class: ClassName=DNJLV1.1 Member=Component R? 200K
Added Member To Class: ClassName=DNJLV1.1 Member=Component R? 2K
Added Member To Class: ClassName=DNJLV1.1 Member=Component R? 2K
Added Member To Class: ClassName=DNJLV1.1 Member=Component R? 2K
Added Member To Class: ClassName=DNJLV1.1 Member=Component R? 1K
Added Member To Class: ClassName=DNJLV1.1 Member=Component R? 1K
Added Member To Class: ClassName=DNJLV1.1 Member=Component R? 100R
Added Member To Class: ClassName=DNJLV1.1 Member=Component R? 100R
Added Member To Class: ClassName=DNJLV1.1 Member=Component R? 5mR
Added Member To Class: ClassName=DNJLV1.1 Member=Component R? 200K
Added Member To Class: ClassName=DNJLV1.1 Member=Component R? 2K
Added Member To Class: ClassName=DNJLV1.1 Member=Component R? 1K
Added Member To Class: ClassName=DNJLV1.1 Member=Component R? 2K
Added Member To Class: ClassName=DNJLV1.1 Member=Component R? 200K
Added Member To Class: ClassName=DNJLV1.1 Member=Component R? 100R
Added Member To Class: ClassName=DNJLV1.1 Member=Component R? 5mR
Added Member To Class: ClassName=DNJLV1.1 Member=Component R? 1K
Added Member To Class: ClassName=DNJLV1.1 Member=Component R? 2K
Added Member To Class: ClassName=DNJLV1.1 Member=Component R? 1K
Added Member To Class: ClassName=DNJLV1.1 Member=Component R? 1K
Added Member To Class: ClassName=DNJLV1.1 Member=Component R? 2K
Added Member To Class: ClassName=DNJLV1.1 Member=Component R? 200K
Added Member To Class: ClassName=DNJLV1.1 Member=Component R? 5mR
Added Member To Class: ClassName=DNJLV1.1 Member=Component R? 1K
Added Member To Class: ClassName=DNJLV1.1 Member=Component R? 200K
Added Member To Class: ClassName=DNJLV1.1 Member=Component R? 1K
Added Member To Class: ClassName=DNJLV1.1 Member=Component R? 200K
Added Member To Class: ClassName=DNJLV1.1 Member=Component R? 100R
Added Member To Class: ClassName=DNJLV1.1 Member=Component R? 5mR
Added Member To Class: ClassName=DNJLV1.1 Member=Component R? 1K
Added Member To Class: ClassName=DNJLV1.1 Member=Component R? 200K
Added Member To Class: ClassName=DNJLV1.1 Member=Component R? 100R
Added Member To Class: ClassName=DNJLV1.1 Member=Component R? 1K
Added Member To Class: ClassName=DNJLV1.1 Member=Component R? 100R
Added Member To Class: ClassName=DNJLV1.1 Member=Component U? HLW8110
Added Member To Class: ClassName=DNJLV1.1 Member=Component U? HLW8110
Added Member To Class: ClassName=DNJLV1.1 Member=Component U? PC817
Added Member To Class: ClassName=DNJLV1.1 Member=Component U? HLW8110
Added Member To Class: ClassName=DNJLV1.1 Member=Component U? PC817
Added Member To Class: ClassName=DNJLV1.1 Member=Component U? PC817
Added Member To Class: ClassName=DNJLV1.1 Member=Component U? PC817
Added Member To Class: ClassName=DNJLV1.1 Member=Component U? HLW8110
Added Member To Class: ClassName=DNJLV1.1 Member=Component U? PC817
Added Member To Class: ClassName=DNJLV1.1 Member=Component U? HLW8110
Added Member To Class: ClassName=DNJLV1.1 Member=Component U? PC817
Added Member To Class: ClassName=DNJLV1.1 Member=Component U? PC817
Added Member To Class: ClassName=DNJLV1.1 Member=Component U? PC817
Added Member To Class: ClassName=DNJLV1.1 Member=Component U? PC817
Added Member To Class: ClassName=DNJLV1.1 Member=Component U? PC817
Added Member To Class: ClassName=DNJLV1.1 Member=Component U? PC817
Added Member To Class: ClassName=DNJLV1.1 Member=Component U? PC817
Added Member To Class: ClassName=DNJLV1.1 Member=Component U? PC817
Added Member To Class: ClassName=DNJLV1.1 Member=Component U? PC817
Added Member To Class: ClassName=DNJLV1.1 Member=Component U? HLW8110
Added Member To Class: ClassName=DNJLV1.1 Member=Component U? PC817
Added Member To Class: ClassName=DNJLV1.1 Member=Component U? PC817
Added Member To Class: ClassName=DNJLV1.1 Member=Component U? HLW8110
Added Member To Class: ClassName=DNJLV1.1 Member=Component U? PC817
Added Member To Class: ClassName=DNJLV1.1 Member=Component U? HLW8110
Added Member To Class: ClassName=DNJLV1.1 Member=Component U? HLW8110
Added Member To Class: ClassName=DNJLV1.1 Member=Component U? HLW8110
Added Member To Class: ClassName=DNJLV1.1 Member=Component U? PC817
Added Member To Class: ClassName=DNJLV1.1 Member=Component U? PC817
Added Member To Class: ClassName=DNJLV1.1 Member=Component U? PC817
Added Member To Class: ClassName=DNJLV1.1 Member=Component U? PC817
Added Member To Class: ClassName=DNJLV1.1 Member=Component U? HLW8110
Added Member To Class: ClassName=DNJLV1.1 Member=Component U? HLW8110
Added Member To Class: ClassName=DNJLV1.1 Member=Component U? PC817
Added Member To Class: ClassName=DNJLV1.1 Member=Component U? PC817
Added Member To Class: ClassName=JDQV1.1 Member=Component U? ULN2003
Added Member To Class: ClassName=JDQV1.1 Member=Component U? ULN2003
Added Member To Class: ClassName=JDQV1.1 Member=Component U? ULN2003
