Change Component Designator: Old Designator=C? New Designator=C66
Change Component Designator: Old Designator=C? New Designator=C67
Change Component Designator: Old Designator=C? New Designator=C68
Change Component Designator: Old Designator=C? New Designator=C69
Change Component Designator: Old Designator=C? New Designator=C70
Change Component Designator: Old Designator=C? New Designator=C71
Change Component Designator: Old Designator=C? New Designator=C72
Change Component Designator: Old Designator=C? New Designator=C73
Change Component Designator: Old Designator=C? New Designator=C74
Change Component Designator: Old Designator=C? New Designator=C75
Change Component Designator: Old Designator=C? New Designator=C76
Change Component Designator: Old Designator=C? New Designator=C77
Change Component Designator: Old Designator=JP? New Designator=JP10
Change Component Designator: Old Designator=L? New Designator=L2
Change Component Designator: Old Designator=R? New Designator=R105
Change Component Designator: Old Designator=R? New Designator=R113
Change Component Designator: Old Designator=R? New Designator=R114
Change Component Designator: Old Designator=R? New Designator=R115
Change Component Designator: Old Designator=R? New Designator=R116
Change Component Designator: Old Designator=R? New Designator=R117
Change Component Designator: Old Designator=R? New Designator=R118
Change Component Designator: Old Designator=R? New Designator=R119
Change Component Designator: Old Designator=R? New Designator=R120
Change Component Designator: Old Designator=R? New Designator=R121
Change Component Designator: Old Designator=SW? New Designator=SW1
Change Component Designator: Old Designator=SW? New Designator=SW2
Change Component Designator: Old Designator=U? New Designator=U46
Change Component Designator: Old Designator=U? New Designator=U41
Change Component Designator: Old Designator=X? New Designator=X1
Change Component Designator: Old Designator=X? New Designator=X2
